c:\users\константин\source\repos\sdlwindowproject\sdlwindowproject\x64\debug\vc143.pdb
c:\users\константин\source\repos\sdlwindowproject\sdlwindowproject\x64\debug\vc143.idb
c:\users\константин\source\repos\sdlwindowproject\sdlwindowproject\x64\debug\texturemanager.obj
c:\users\константин\source\repos\sdlwindowproject\sdlwindowproject\x64\debug\platform.obj
c:\users\константин\source\repos\sdlwindowproject\sdlwindowproject\x64\debug\inputhandler.obj
c:\users\константин\source\repos\sdlwindowproject\sdlwindowproject\x64\debug\player.obj
c:\users\константин\source\repos\sdlwindowproject\sdlwindowproject\x64\debug\main.obj
c:\users\константин\source\repos\sdlwindowproject\sdlwindowproject\x64\debug\game.obj
c:\users\константин\source\repos\sdlwindowproject\sdlwindowproject\x64\debug\camera.obj
c:\users\константин\source\repos\sdlwindowproject\sdlwindowproject\x64\debug\backgroundanimation.obj
c:\users\константин\source\repos\sdlwindowproject\x64\debug\sdlwindowproject.exe
c:\users\константин\source\repos\sdlwindowproject\x64\debug\sdlwindowproject.pdb
c:\users\константин\source\repos\sdlwindowproject\sdlwindowproject\x64\debug\sdlwindowproject.ilk
c:\users\константин\source\repos\sdlwindowproject\sdlwindowproject\x64\debug\player.obj.enc
c:\users\константин\source\repos\sdlwindowproject\sdlwindowproject\x64\debug\sdlwindowproject.tlog\cl.command.1.tlog
c:\users\константин\source\repos\sdlwindowproject\sdlwindowproject\x64\debug\sdlwindowproject.tlog\cl.items.tlog
c:\users\константин\source\repos\sdlwindowproject\sdlwindowproject\x64\debug\sdlwindowproject.tlog\cl.read.1.tlog
c:\users\константин\source\repos\sdlwindowproject\sdlwindowproject\x64\debug\sdlwindowproject.tlog\cl.write.1.tlog
c:\users\константин\source\repos\sdlwindowproject\sdlwindowproject\x64\debug\sdlwindowproject.tlog\link.command.1.tlog
c:\users\константин\source\repos\sdlwindowproject\sdlwindowproject\x64\debug\sdlwindowproject.tlog\link.read.1.tlog
c:\users\константин\source\repos\sdlwindowproject\sdlwindowproject\x64\debug\sdlwindowproject.tlog\link.secondary.1.tlog
c:\users\константин\source\repos\sdlwindowproject\sdlwindowproject\x64\debug\sdlwindowproject.tlog\link.write.1.tlog
